Microsoft (R) Macro Assembler Version 14.33.31629.0	    09/19/22 20:19:45
ams03.asm						     Page 1 - 1


				.586
				.MODEL FLAT, STDCALL
				includelib kernel32.lib
				ExitProcess PROTO : DWORD
				.STACK 4096

 00000000			.CONST
 00000000			.DATA
 00000000 10 20 30 40		myBytes BYTE 10h, 20h, 30h, 40h
 00000004 008A 003B 0044	myWords WORD 8Ah, 3Bh, 44h, 5Fh, 99h
	   005F 0099
 0000000E 00000001		myDoubles DWORD 1, 2, 3, 4, 5, 6
	   00000002
	   00000003
	   00000004
	   00000005
	   00000006
 00000026 0000000E R		myPointer DWORD myDoubles

 0000002A 00000001		myArray DWORD 1, 2, 33, 45, 52, 65, 7
	   00000002
	   00000021
	   0000002D
	   00000034
	   00000041
	   00000007
 00000046 00000000		sum DWORD 0

 00000000			.CODE
 00000000			main PROC
					
 00000000			START :
 00000000  BE 00000004 R		mov ESI, OFFSET myWords
 00000005  66| 8B 06			mov AX, [ESI + 0]
 00000008  66| 8B 5E 02			mov BX, [ESI + 2]

 0000000C  BE 0000002A R		mov ESI, OFFSET myArray
 00000011  B9 00000007			mov ECX, LENGTHOF myArray
 00000016				TURBOLOOP:
 00000016  8B 06				mov EAX, [ESI]
 00000018  01 05 00000046 R			add sum, EAX
 0000001E  83 C6 04				add ESI, type myArray
 00000021  83 F8 00				cmp EAX, 0
 00000024  74 09				jz EXIT
 00000026  E2 EE			loop TURBOLOOP

 00000028  BB 00000001			mov EBX, 1
 0000002D  EB 05				jmp DARKEXIT

 0000002F				EXIT:
 0000002F  BB 00000000				mov EBX, 0

 00000034				DARKEXIT:
 00000034  A1 00000046 R			mov EAX, sum

 00000039  6A 00			push 0
 0000003B  E8 00000000 E		call ExitProcess
 00000040			main ENDP

				end main
Microsoft (R) Macro Assembler Version 14.33.31629.0	    09/19/22 20:19:45
ams03.asm						     Symbols 2 - 1




Segments and Groups:

                N a m e                 Size     Length   Align   Combine Class

CONST  . . . . . . . . . . . . .	32 Bit	 00000000 Para	  Public  'CONST'	 ReadOnly
FLAT . . . . . . . . . . . . . .	GROUP
STACK  . . . . . . . . . . . . .	32 Bit	 00001000 Para	  Stack	  'STACK'	 
_DATA  . . . . . . . . . . . . .	32 Bit	 0000004A Para	  Public  'DATA'	
_TEXT  . . . . . . . . . . . . .	32 Bit	 00000040 Para	  Public  'CODE'	


Procedures, parameters, and locals:

                N a m e                 Type     Value    Attr

ExitProcess  . . . . . . . . . .	P Near	 00000000 FLAT	Length= 00000000 External STDCALL
main . . . . . . . . . . . . . .	P Near	 00000000 _TEXT	Length= 00000040 Public STDCALL
  START  . . . . . . . . . . . .	L Near	 00000000 _TEXT	
  TURBOLOOP  . . . . . . . . . .	L Near	 00000016 _TEXT	
  EXIT . . . . . . . . . . . . .	L Near	 0000002F _TEXT	
  DARKEXIT . . . . . . . . . . .	L Near	 00000034 _TEXT	


Symbols:

                N a m e                 Type     Value    Attr

@CodeSize  . . . . . . . . . . .	Number	 00000000h   
@DataSize  . . . . . . . . . . .	Number	 00000000h   
@Interface . . . . . . . . . . .	Number	 00000003h   
@Model . . . . . . . . . . . . .	Number	 00000007h   
@code  . . . . . . . . . . . . .	Text   	 _TEXT
@data  . . . . . . . . . . . . .	Text   	 FLAT
@fardata?  . . . . . . . . . . .	Text   	 FLAT
@fardata . . . . . . . . . . . .	Text   	 FLAT
@stack . . . . . . . . . . . . .	Text   	 FLAT
myArray  . . . . . . . . . . . .	DWord	 0000002A _DATA	
myBytes  . . . . . . . . . . . .	Byte	 00000000 _DATA	
myDoubles  . . . . . . . . . . .	DWord	 0000000E _DATA	
myPointer  . . . . . . . . . . .	DWord	 00000026 _DATA	
myWords  . . . . . . . . . . . .	Word	 00000004 _DATA	
sum  . . . . . . . . . . . . . .	DWord	 00000046 _DATA	

	   0 Warnings
	   0 Errors
