d:\bstu\kurs_2_1\kpo\courselabs\selab20\selab20\selab20\debug\vc143.pdb
d:\bstu\kurs_2_1\kpo\courselabs\selab20\selab20\selab20\debug\vc143.idb
d:\bstu\kurs_2_1\kpo\courselabs\selab20\selab20\selab20\debug\error.nativecodeanalysis.sarif
d:\bstu\kurs_2_1\kpo\courselabs\selab20\selab20\selab20\debug\error.nativecodeanalysis.xml
d:\bstu\kurs_2_1\kpo\courselabs\selab20\selab20\selab20\debug\fst.nativecodeanalysis.sarif
d:\bstu\kurs_2_1\kpo\courselabs\selab20\selab20\selab20\debug\fst.nativecodeanalysis.xml
d:\bstu\kurs_2_1\kpo\courselabs\selab20\selab20\selab20\debug\in.nativecodeanalysis.sarif
d:\bstu\kurs_2_1\kpo\courselabs\selab20\selab20\selab20\debug\in.nativecodeanalysis.xml
d:\bstu\kurs_2_1\kpo\courselabs\selab20\selab20\selab20\debug\it.nativecodeanalysis.sarif
d:\bstu\kurs_2_1\kpo\courselabs\selab20\selab20\selab20\debug\it.nativecodeanalysis.xml
d:\bstu\kurs_2_1\kpo\courselabs\selab20\selab20\selab20\debug\lexanal.nativecodeanalysis.sarif
d:\bstu\kurs_2_1\kpo\courselabs\selab20\selab20\selab20\debug\lexanal.nativecodeanalysis.xml
d:\bstu\kurs_2_1\kpo\courselabs\selab20\selab20\selab20\debug\lexical_analysis.nativecodeanalysis.sarif
d:\bstu\kurs_2_1\kpo\courselabs\selab20\selab20\selab20\debug\lexical_analysis.nativecodeanalysis.xml
d:\bstu\kurs_2_1\kpo\courselabs\selab20\selab20\selab20\debug\log.nativecodeanalysis.sarif
d:\bstu\kurs_2_1\kpo\courselabs\selab20\selab20\selab20\debug\log.nativecodeanalysis.xml
d:\bstu\kurs_2_1\kpo\courselabs\selab20\selab20\selab20\debug\lt.nativecodeanalysis.sarif
d:\bstu\kurs_2_1\kpo\courselabs\selab20\selab20\selab20\debug\lt.nativecodeanalysis.xml
d:\bstu\kurs_2_1\kpo\courselabs\selab20\selab20\selab20\debug\parm.nativecodeanalysis.sarif
d:\bstu\kurs_2_1\kpo\courselabs\selab20\selab20\selab20\debug\parm.nativecodeanalysis.xml
d:\bstu\kurs_2_1\kpo\courselabs\selab20\selab20\selab20\debug\selab20.nativecodeanalysis.sarif
d:\bstu\kurs_2_1\kpo\courselabs\selab20\selab20\selab20\debug\selab20.nativecodeanalysis.xml
d:\bstu\kurs_2_1\kpo\courselabs\selab20\selab20\selab20\debug\selab20.obj
d:\bstu\kurs_2_1\kpo\courselabs\selab20\selab20\selab20\debug\parm.obj
d:\bstu\kurs_2_1\kpo\courselabs\selab20\selab20\selab20\debug\lt.obj
d:\bstu\kurs_2_1\kpo\courselabs\selab20\selab20\selab20\debug\log.obj
d:\bstu\kurs_2_1\kpo\courselabs\selab20\selab20\selab20\debug\lexical_analysis.obj
d:\bstu\kurs_2_1\kpo\courselabs\selab20\selab20\selab20\debug\lexanal.obj
d:\bstu\kurs_2_1\kpo\courselabs\selab20\selab20\selab20\debug\it.obj
d:\bstu\kurs_2_1\kpo\courselabs\selab20\selab20\selab20\debug\in.obj
d:\bstu\kurs_2_1\kpo\courselabs\selab20\selab20\selab20\debug\fst.obj
d:\bstu\kurs_2_1\kpo\courselabs\selab20\selab20\selab20\debug\error.obj
d:\bstu\kurs_2_1\kpo\courselabs\selab20\selab20\selab20\debug\selab20.ilk
d:\bstu\kurs_2_1\kpo\courselabs\selab20\selab20\debug\selab20.exe
d:\bstu\kurs_2_1\kpo\courselabs\selab20\selab20\debug\selab20.pdb
d:\bstu\kurs_2_1\kpo\courselabs\selab20\selab20\selab20\debug\vc.nativecodeanalysis.all.xml
d:\bstu\kurs_2_1\kpo\courselabs\selab20\selab20\selab20\debug\selab20.tlog\cl.command.1.tlog
d:\bstu\kurs_2_1\kpo\courselabs\selab20\selab20\selab20\debug\selab20.tlog\cl.read.1.tlog
d:\bstu\kurs_2_1\kpo\courselabs\selab20\selab20\selab20\debug\selab20.tlog\cl.write.1.tlog
d:\bstu\kurs_2_1\kpo\courselabs\selab20\selab20\selab20\debug\selab20.tlog\link.command.1.tlog
d:\bstu\kurs_2_1\kpo\courselabs\selab20\selab20\selab20\debug\selab20.tlog\link.read.1.tlog
d:\bstu\kurs_2_1\kpo\courselabs\selab20\selab20\selab20\debug\selab20.tlog\link.write.1.tlog
